[debug] [2025-01-01T19:55:31.019Z] ----------------------------------------------------------------------
[debug] [2025-01-01T19:55:31.029Z] Command:       C:\Program Files\nodejs\node.exe C:\Users\kahan\AppData\Roaming\npm\node_modules\firebase-tools\lib\bin\firebase.js deploy
[debug] [2025-01-01T19:55:31.030Z] CLI Version:   13.29.1
[debug] [2025-01-01T19:55:31.030Z] Platform:      win32
[debug] [2025-01-01T19:55:31.030Z] Node Version:  v23.1.0
[debug] [2025-01-01T19:55:31.030Z] Time:          Wed Jan 01 2025 16:55:31 GMT-0300 (Horário Padrão de Brasília)
[debug] [2025-01-01T19:55:31.031Z] ----------------------------------------------------------------------
[debug] 
[debug] [2025-01-01T19:55:31.106Z] > command requires scopes: ["email","openid","https://www.googleapis.com/auth/cloudplatformprojects.readonly","https://www.googleapis.com/auth/firebase","https://www.googleapis.com/auth/cloud-platform"]
[debug] [2025-01-01T19:55:31.107Z] > authorizing via signed-in user (hemriquec719@gmail.com)
[debug] [2025-01-01T19:55:31.107Z] [iam] checking project just-dance-now-luna for permissions ["firebase.projects.get","firebasehosting.sites.update"]
[debug] [2025-01-01T19:55:31.109Z] Checked if tokens are valid: true, expires at: 1735764669811
[debug] [2025-01-01T19:55:31.109Z] Checked if tokens are valid: true, expires at: 1735764669811
[debug] [2025-01-01T19:55:31.110Z] >>> [apiv2][query] POST https://cloudresourcemanager.googleapis.com/v1/projects/just-dance-now-luna:testIamPermissions [none]
[debug] [2025-01-01T19:55:31.110Z] >>> [apiv2][(partial)header] POST https://cloudresourcemanager.googleapis.com/v1/projects/just-dance-now-luna:testIamPermissions x-goog-quota-user=projects/just-dance-now-luna
[debug] [2025-01-01T19:55:31.110Z] >>> [apiv2][body] POST https://cloudresourcemanager.googleapis.com/v1/projects/just-dance-now-luna:testIamPermissions {"permissions":["firebase.projects.get","firebasehosting.sites.update"]}
[debug] [2025-01-01T19:55:32.275Z] <<< [apiv2][status] POST https://cloudresourcemanager.googleapis.com/v1/projects/just-dance-now-luna:testIamPermissions 200
[debug] [2025-01-01T19:55:32.275Z] <<< [apiv2][body] POST https://cloudresourcemanager.googleapis.com/v1/projects/just-dance-now-luna:testIamPermissions {"permissions":["firebase.projects.get","firebasehosting.sites.update"]}
[debug] [2025-01-01T19:55:32.276Z] Checked if tokens are valid: true, expires at: 1735764669811
[debug] [2025-01-01T19:55:32.277Z] Checked if tokens are valid: true, expires at: 1735764669811
[debug] [2025-01-01T19:55:32.277Z] >>> [apiv2][query] GET https://firebase.googleapis.com/v1beta1/projects/just-dance-now-luna [none]
[debug] [2025-01-01T19:55:33.828Z] <<< [apiv2][status] GET https://firebase.googleapis.com/v1beta1/projects/just-dance-now-luna 200
[debug] [2025-01-01T19:55:33.828Z] <<< [apiv2][body] GET https://firebase.googleapis.com/v1beta1/projects/just-dance-now-luna {"projectId":"just-dance-now-luna","projectNumber":"849556476088","displayName":"JUST DANCE NOW LUNA","name":"projects/just-dance-now-luna","resources":{"hostingSite":"just-dance-now-luna","storageBucket":"just-dance-now-luna.appspot.com","locationId":"southamerica-east1"},"state":"ACTIVE","etag":"1_c8b5ae53-c5fa-44f9-b5c2-24397270efb0"}
[info] 
[info] === Deploying to 'just-dance-now-luna'...
[info] 
[info] i  deploying hosting 
[debug] [2025-01-01T19:55:33.842Z] Checked if tokens are valid: true, expires at: 1735764669811
[debug] [2025-01-01T19:55:33.842Z] Checked if tokens are valid: true, expires at: 1735764669811
[debug] [2025-01-01T19:55:33.842Z] >>> [apiv2][query] POST https://firebasehosting.googleapis.com/v1beta1/projects/-/sites/just-dance-now-luna/versions [none]
[debug] [2025-01-01T19:55:33.842Z] >>> [apiv2][body] POST https://firebasehosting.googleapis.com/v1beta1/projects/-/sites/just-dance-now-luna/versions {"status":"CREATED","labels":{"deployment-tool":"cli-firebase"}}
